<?xml version="1.0" encoding="UTF-8"?>
<!-- Generated by org.testng.reporters.JUnitReportReporter -->
<testsuite hostname="DESKTOP-DIGGKFB" failures="0" tests="1" name="run.config.TestRunner" time="10.017" errors="0" timestamp="2024-02-20T21:24:36 IST" skipped="0">
  <testcase classname="run.config.TestRunner" name="testRunner" time="10.017"/>
  <system-out/>
</testsuite> <!-- run.config.TestRunner -->
